<?xml version="1.0" encoding="UTF-8"?>
<!-- Generated by org.testng.reporters.JUnitReportReporter -->
<testsuite skipped="0" hostname="TYSS-Chandan" name="SeleniumBasics.ReporterLog" tests="3" failures="0" timestamp="2023-07-21T12:16:44 IST" time="0.008" errors="0">
  <testcase name="reporterLog3" time="0.002" classname="SeleniumBasics.ReporterLog"/>
  <system-out>
    <![CDATA[hi3]]>
  </system-out>
  <testcase name="reporterLog2" time="0.006" classname="SeleniumBasics.ReporterLog"/>
  <system-out>
    <![CDATA[hi2]]>
  </system-out>
  <testcase name="reporterLog1" time="0.000" classname="SeleniumBasics.ReporterLog"/>
  <system-out>
    <![CDATA[hi1]]>
  </system-out>
</testsuite> <!-- SeleniumBasics.ReporterLog -->
