<?xml version="1.0" encoding="UTF-8"?>
<!-- Generated by org.testng.reporters.JUnitReportReporter -->
<testsuite skipped="0" hostname="TYSS-Chandan" name="launch.ReverseStringWithStringBuilder" tests="1" failures="0" timestamp="2023-08-07T12:45:20 IST" time="0.006" errors="0">
  <testcase name="reverseStringWithStringBuilder" time="0.006" classname="launch.ReverseStringWithStringBuilder"/>
  <system-out/>
</testsuite> <!-- launch.ReverseStringWithStringBuilder -->
