<?xml version="1.0" encoding="UTF-8"?>
<!-- Generated by org.testng.reporters.JUnitReportReporter -->
<testsuite skipped="0" hostname="TYSS-Chandan" name="launch.AmazonHome" tests="1" failures="0" timestamp="2023-07-12T12:56:44 IST" time="22.147" errors="0">
  <testcase name="amazonHomePage" time="22.147" classname="launch.AmazonHome"/>
  <system-out/>
</testsuite> <!-- launch.AmazonHome -->
