<?xml version="1.0" encoding="UTF-8"?>
<!-- Generated by org.testng.reporters.JUnitReportReporter -->
<testsuite skipped="0" hostname="TYSS-Chandan" name="SeleniumBasics.AmazonSwitchWindow" tests="1" failures="0" timestamp="2023-07-27T12:18:40 IST" time="15.520" errors="0">
  <testcase name="amazonSwitchWindow" time="15.520" classname="SeleniumBasics.AmazonSwitchWindow"/>
  <system-out/>
</testsuite> <!-- SeleniumBasics.AmazonSwitchWindow -->
