<?xml version="1.0" encoding="UTF-8"?>
<!-- Generated by org.testng.reporters.JUnitReportReporter -->
<testsuite skipped="0" hostname="TYSS-Chandan" name="Assignment.FetchingOTP" tests="1" failures="0" timestamp="2023-07-27T17:45:12 IST" time="0.017" errors="0">
  <testcase name="number" time="0.017" classname="Assignment.FetchingOTP"/>
  <system-out/>
</testsuite> <!-- Assignment.FetchingOTP -->
