<?xml version="1.0" encoding="UTF-8"?>
<!-- Generated by org.testng.reporters.JUnitReportReporter -->
<testsuite skipped="0" hostname="TYSS-Chandan" name="SeleniumBasics.MoneycontrolAutomate" tests="1" failures="0" timestamp="2023-08-04T15:43:49 IST" time="49.756" errors="0">
  <testcase name="moneycontrolAutomate" time="49.756" classname="SeleniumBasics.MoneycontrolAutomate"/>
  <system-out/>
</testsuite> <!-- SeleniumBasics.MoneycontrolAutomate -->
