<?xml version="1.0" encoding="UTF-8"?>
<!-- Generated by org.testng.reporters.JUnitReportReporter -->
<testsuite skipped="0" hostname="TYSS-Chandan" name="Programming.AmazonSwitchWindow" tests="1" failures="0" timestamp="2023-07-26T17:21:46 IST" time="15.041" errors="0">
  <testcase name="amazonSwitchWindow" time="15.041" classname="Programming.AmazonSwitchWindow"/>
  <system-out/>
</testsuite> <!-- Programming.AmazonSwitchWindow -->
