<?xml version="1.0" encoding="UTF-8"?>
<!-- Generated by org.testng.reporters.JUnitReportReporter -->
<testsuite skipped="0" hostname="TYSS-Chandan" name="Assignment.ImageComparision" tests="1" failures="0" timestamp="2023-06-14T15:40:48 IST" time="0.126" errors="0">
  <testcase name="test" time="0.126" classname="Assignment.ImageComparision"/>
  <system-out/>
</testsuite> <!-- Assignment.ImageComparision -->
