<?xml version="1.0" encoding="UTF-8"?>
<!-- Generated by org.testng.reporters.JUnitReportReporter -->
<testsuite skipped="0" hostname="TYSS-Chandan" name="SeleniumBasics.IncognitoModeChrome" tests="2" failures="0" timestamp="2023-07-21T12:16:44 IST" time="32.442" errors="0">
  <testcase name="incognitoModeChrome" time="30.927" classname="SeleniumBasics.IncognitoModeChrome"/>
  <system-out/>
  <testcase name="incognitoMode1" time="1.515" classname="SeleniumBasics.IncognitoModeChrome"/>
  <system-out/>
</testsuite> <!-- SeleniumBasics.IncognitoModeChrome -->
