<?xml version="1.0" encoding="UTF-8"?>
<!-- Generated by org.testng.reporters.JUnitReportReporter -->
<testsuite skipped="0" hostname="TYSS-Chandan" name="Assignment.StartPatternFull" tests="1" failures="0" timestamp="2023-07-20T15:44:20 IST" time="0.020" errors="0">
  <testcase name="StartPatternFull" time="0.020" classname="Assignment.StartPatternFull"/>
  <system-out/>
</testsuite> <!-- Assignment.StartPatternFull -->
