<?xml version="1.0" encoding="UTF-8"?>
<!-- Generated by org.testng.reporters.JUnitReportReporter -->
<testsuite skipped="0" hostname="TYSS-Chandan" name="SeleniumBasics.Sample9" tests="1" failures="0" timestamp="2023-07-21T12:16:44 IST" time="45.508" errors="0">
  <testcase name="Enabled" time="45.508" classname="SeleniumBasics.Sample9"/>
  <system-out/>
</testsuite> <!-- SeleniumBasics.Sample9 -->
