<?xml version="1.0" encoding="UTF-8"?>
<!-- Generated by org.testng.reporters.JUnitReportReporter -->
<testsuite skipped="0" hostname="TYSS-Chandan" name="SeleniumBasics.DependantOfGenericClass" tests="1" failures="0" timestamp="2023-07-21T12:16:44 IST" time="223.267" errors="0">
  <testcase name="dependantOfGenericClass" time="223.267" classname="SeleniumBasics.DependantOfGenericClass"/>
  <system-out/>
</testsuite> <!-- SeleniumBasics.DependantOfGenericClass -->
