<?xml version="1.0" encoding="UTF-8"?>
<!-- Generated by org.testng.reporters.JUnitReportReporter -->
<testsuite skipped="0" hostname="TYSS-Chandan" name="SeleniumBasics.Bigbasket" tests="1" failures="0" timestamp="2023-07-21T12:16:44 IST" time="24.518" errors="0">
  <testcase name="bigbasket" time="24.518" classname="SeleniumBasics.Bigbasket"/>
  <system-out/>
</testsuite> <!-- SeleniumBasics.Bigbasket -->
