<?xml version="1.0" encoding="UTF-8"?>
<!-- Generated by org.testng.reporters.JUnitReportReporter -->
<testsuite skipped="0" hostname="TYSS-Chandan" name="launch.GetotpInGivenString" tests="1" failures="0" timestamp="2023-07-27T13:13:15 IST" time="0.014" errors="0">
  <testcase name="number" time="0.014" classname="launch.GetotpInGivenString"/>
  <system-out/>
</testsuite> <!-- launch.GetotpInGivenString -->
