<?xml version="1.0" encoding="UTF-8"?>
<!-- Generated by org.testng.reporters.JUnitReportReporter -->
<testsuite skipped="0" hostname="TYSS-Chandan" name="Assignment.IndexOfMethod" tests="1" failures="0" timestamp="2023-08-07T18:37:31 IST" time="0.007" errors="0">
  <testcase name="abc" time="0.007" classname="Assignment.IndexOfMethod"/>
  <system-out/>
</testsuite> <!-- Assignment.IndexOfMethod -->
