<?xml version="1.0" encoding="UTF-8"?>
<!-- Generated by org.testng.reporters.JUnitReportReporter -->
<testsuite skipped="0" hostname="TYSS-Chandan" name="Assignment.DiamondPattern" tests="1" failures="0" timestamp="2023-07-20T16:14:26 IST" time="0.013" errors="0">
  <testcase name="RightAngleInverted" time="0.013" classname="Assignment.DiamondPattern"/>
  <system-out/>
</testsuite> <!-- Assignment.DiamondPattern -->
