<?xml version="1.0" encoding="UTF-8"?>
<!-- Generated by org.testng.reporters.JUnitReportReporter -->
<testsuite skipped="0" hostname="TYSS-Chandan" name="Assignment.RemoveDuplicateWithoutCollection" tests="1" failures="0" timestamp="2023-08-16T17:06:08 IST" time="0.019" errors="0">
  <testcase name="reverse" time="0.019" classname="Assignment.RemoveDuplicateWithoutCollection"/>
  <system-out/>
</testsuite> <!-- Assignment.RemoveDuplicateWithoutCollection -->
